<?xml version="1.0" encoding="UTF-8"?>
<TestRun id="7f49bfdb-4f98-494f-8653-d3fdec53761a" name="brywang@BRYWANGDEV 2017-06-20 17:26:19" runUser="REDMOND\brywang" xmlns="http://microsoft.com/schemas/VisualStudio/TeamTest/2010">
  <Times creation="2017-06-20T17:26:19.9994710-07:00" queuing="2017-06-20T17:26:19.9994897-07:00" start="2017-06-20T17:26:15.8459298-07:00" finish="2017-06-20T17:26:20.2431191-07:00" />
  <TestSettings name="default" id="9f53419c-38c6-408d-a020-4b45b09b1550">
    <Deployment runDeploymentRoot="brywang_BRYWANGDEV 2017-06-20 17_26_19" />
  </TestSettings>
  <Results>
    <UnitTestResult executionId="df34ff63-1f0b-49c7-bcdf-bbf7715ccb37" testId="5dd03904-1fdd-4d69-bdde-4a5ce907ce35" testName="PSSwagger.LTF.Lib.UnitTests.LiveTestServerTests.MissingInputPipe" computerName="BRYWANGDEV" duration="00:00:00.0640000" startTime="2017-06-20T17:26:19.8065236-07:00" endTime="2017-06-20T17:26:19.8065236-07:00" testType="13cdc9d9-ddb5-4fa4-a97d-d965ccfc6d4b" outcome="Passed" testListId="8c84fa94-04c1-424b-9868-57a2d4851a1d" relativeResultsDirectory="df34ff63-1f0b-49c7-bcdf-bbf7715ccb37" />
    <UnitTestResult executionId="6a72fbd8-613e-4282-b695-5285194e7f52" testId="05443379-4075-43d8-8f4d-464251986123" testName="PSSwagger.LTF.Lib.UnitTests.LiveTestServerTests.MissingOutputPipe" computerName="BRYWANGDEV" duration="00:00:00.0020000" startTime="2017-06-20T17:26:19.8150257-07:00" endTime="2017-06-20T17:26:19.8150257-07:00" testType="13cdc9d9-ddb5-4fa4-a97d-d965ccfc6d4b" outcome="Passed" testListId="8c84fa94-04c1-424b-9868-57a2d4851a1d" relativeResultsDirectory="6a72fbd8-613e-4282-b695-5285194e7f52" />
    <UnitTestResult executionId="e4fd5296-c795-4c4b-ab27-e63c7f7517a1" testId="557d025a-02bf-4a35-8e82-197c8d48f2d7" testName="PSSwagger.LTF.Lib.UnitTests.LiveTestServerTests.MissingRunspaceManager" computerName="BRYWANGDEV" duration="00:00:00.0020000" startTime="2017-06-20T17:26:19.8170255-07:00" endTime="2017-06-20T17:26:19.8170255-07:00" testType="13cdc9d9-ddb5-4fa4-a97d-d965ccfc6d4b" outcome="Passed" testListId="8c84fa94-04c1-424b-9868-57a2d4851a1d" relativeResultsDirectory="e4fd5296-c795-4c4b-ab27-e63c7f7517a1" />
    <UnitTestResult executionId="4353a5f0-34ae-4705-b3f6-c4e863e6a0da" testId="6c75aa6d-3ca3-4a19-ae1c-803b2fe551a2" testName="PSSwagger.LTF.Lib.UnitTests.LiveTestServerTests.MissingModulePath" computerName="BRYWANGDEV" duration="00:00:00.0040000" startTime="2017-06-20T17:26:19.8190257-07:00" endTime="2017-06-20T17:26:19.8190257-07:00" testType="13cdc9d9-ddb5-4fa4-a97d-d965ccfc6d4b" outcome="Passed" testListId="8c84fa94-04c1-424b-9868-57a2d4851a1d" relativeResultsDirectory="4353a5f0-34ae-4705-b3f6-c4e863e6a0da" />
    <UnitTestResult executionId="72d090bb-e6b0-411c-a180-fcd78fb1db82" testId="62e5c5ed-73f8-41bc-95c7-154bcb5942b9" testName="PSSwagger.LTF.Lib.UnitTests.GeneratedModuleTests.BasicLoadTest" computerName="BRYWANGDEV" duration="00:00:00.0760000" startTime="2017-06-20T17:26:19.8210265-07:00" endTime="2017-06-20T17:26:19.8210265-07:00" testType="13cdc9d9-ddb5-4fa4-a97d-d965ccfc6d4b" outcome="Passed" testListId="8c84fa94-04c1-424b-9868-57a2d4851a1d" relativeResultsDirectory="72d090bb-e6b0-411c-a180-fcd78fb1db82" />
    <UnitTestResult executionId="a8c26d13-9a8b-49d8-8c66-fd828410b0b2" testId="c5c91bf2-0238-4e6a-9876-dbd01d103b8c" testName="PSSwagger.LTF.Lib.UnitTests.GeneratedModuleTests.ForceIsPropogatedToAllModules" computerName="BRYWANGDEV" duration="00:00:00.0010000" startTime="2017-06-20T17:26:19.8230253-07:00" endTime="2017-06-20T17:26:19.8230253-07:00" testType="13cdc9d9-ddb5-4fa4-a97d-d965ccfc6d4b" outcome="Passed" testListId="8c84fa94-04c1-424b-9868-57a2d4851a1d" relativeResultsDirectory="a8c26d13-9a8b-49d8-8c66-fd828410b0b2" />
    <UnitTestResult executionId="e221b009-9c81-4147-aff0-2dc7fe69ad99" testId="09da0d3d-464a-44f0-9481-12dd324ca08b" testName="PSSwagger.LTF.Lib.UnitTests.GeneratedModuleTests.LoadWithRequiredModules" computerName="BRYWANGDEV" duration="00:00:00.0010000" startTime="2017-06-20T17:26:19.8250261-07:00" endTime="2017-06-20T17:26:19.8250261-07:00" testType="13cdc9d9-ddb5-4fa4-a97d-d965ccfc6d4b" outcome="Passed" testListId="8c84fa94-04c1-424b-9868-57a2d4851a1d" relativeResultsDirectory="e221b009-9c81-4147-aff0-2dc7fe69ad99" />
    <UnitTestResult executionId="38d75c6b-522d-428c-9bb3-5bcc3f1caa18" testId="db097a17-b691-4df7-82f3-4b3972ad5288" testName="PSSwagger.LTF.Lib.UnitTests.GeneratedModuleTests.LoadWithName" computerName="BRYWANGDEV" duration="00:00:00.0010000" startTime="2017-06-20T17:26:19.8435294-07:00" endTime="2017-06-20T17:26:19.8435294-07:00" testType="13cdc9d9-ddb5-4fa4-a97d-d965ccfc6d4b" outcome="Passed" testListId="8c84fa94-04c1-424b-9868-57a2d4851a1d" relativeResultsDirectory="38d75c6b-522d-428c-9bb3-5bcc3f1caa18" />
    <UnitTestResult executionId="b44cebb5-2325-44ce-8b1f-db9f79035097" testId="43079fbf-d516-42d2-ac73-ec5ede9d5c69" testName="PSSwagger.LTF.Lib.UnitTests.GeneratedModuleTests.ForceLoadTest" computerName="BRYWANGDEV" duration="00:00:00.0010000" startTime="2017-06-20T17:26:19.8460297-07:00" endTime="2017-06-20T17:26:19.8460297-07:00" testType="13cdc9d9-ddb5-4fa4-a97d-d965ccfc6d4b" outcome="Passed" testListId="8c84fa94-04c1-424b-9868-57a2d4851a1d" relativeResultsDirectory="b44cebb5-2325-44ce-8b1f-db9f79035097" />
    <UnitTestResult executionId="86a4a734-d60f-4b8b-9ba2-f8a1d6f67262" testId="7535bda0-8758-4640-b232-67d938f937cd" testName="PSSwagger.LTF.Lib.UnitTests.LiveTestServerTests.BasicExecutionFlow" computerName="BRYWANGDEV" duration="00:00:00.1150000" startTime="2017-06-20T17:26:19.9270402-07:00" endTime="2017-06-20T17:26:19.9270402-07:00" testType="13cdc9d9-ddb5-4fa4-a97d-d965ccfc6d4b" outcome="Passed" testListId="8c84fa94-04c1-424b-9868-57a2d4851a1d" relativeResultsDirectory="86a4a734-d60f-4b8b-9ba2-f8a1d6f67262" />
    <UnitTestResult executionId="2e99128a-de15-4541-983e-541f54337335" testId="ae52e436-32e1-4a0c-aa5c-0d0bb099d767" testName="PSSwagger.LTF.Lib.UnitTests.JsonBlockPipeTests.ReadSimpleObject" computerName="BRYWANGDEV" duration="00:00:00.3950000" startTime="2017-06-20T17:26:20.1245666-07:00" endTime="2017-06-20T17:26:20.1245666-07:00" testType="13cdc9d9-ddb5-4fa4-a97d-d965ccfc6d4b" outcome="Passed" testListId="8c84fa94-04c1-424b-9868-57a2d4851a1d" relativeResultsDirectory="2e99128a-de15-4541-983e-541f54337335" />
    <UnitTestResult executionId="67cec647-5c93-4f7d-9f0f-652c8fdcf122" testId="17881f76-1ef8-4e06-b63f-ce8cc30f8962" testName="PSSwagger.LTF.Lib.UnitTests.JsonBlockPipeTests.ReadParentChildRelationship" computerName="BRYWANGDEV" duration="00:00:00.0050000" startTime="2017-06-20T17:26:20.1295660-07:00" endTime="2017-06-20T17:26:20.1295660-07:00" testType="13cdc9d9-ddb5-4fa4-a97d-d965ccfc6d4b" outcome="Passed" testListId="8c84fa94-04c1-424b-9868-57a2d4851a1d" relativeResultsDirectory="67cec647-5c93-4f7d-9f0f-652c8fdcf122" />
    <UnitTestResult executionId="ece82466-1c41-400d-a67c-d6891aa55079" testId="b18b05e0-9316-4a20-828d-2b25c9e4ba21" testName="PSSwagger.LTF.Lib.UnitTests.JsonBlockPipeTests.IgnoreCharsBeforeAndAfter" computerName="BRYWANGDEV" duration="00:00:00.0010000" startTime="2017-06-20T17:26:20.1320667-07:00" endTime="2017-06-20T17:26:20.1320667-07:00" testType="13cdc9d9-ddb5-4fa4-a97d-d965ccfc6d4b" outcome="Passed" testListId="8c84fa94-04c1-424b-9868-57a2d4851a1d" relativeResultsDirectory="ece82466-1c41-400d-a67c-d6891aa55079" />
    <UnitTestResult executionId="fa4b4ef6-dd5a-43e4-9df2-924b4f283fe1" testId="ddca78ce-5232-4dd9-a67b-c7439ec1eb49" testName="PSSwagger.LTF.Lib.UnitTests.JsonBlockPipeTests.ReadSubclassRelationship" computerName="BRYWANGDEV" duration="00:00:00.0050000" startTime="2017-06-20T17:26:20.1365685-07:00" endTime="2017-06-20T17:26:20.1365685-07:00" testType="13cdc9d9-ddb5-4fa4-a97d-d965ccfc6d4b" outcome="Passed" testListId="8c84fa94-04c1-424b-9868-57a2d4851a1d" relativeResultsDirectory="fa4b4ef6-dd5a-43e4-9df2-924b4f283fe1" />
  </Results>
  <TestDefinitions>
    <UnitTest name="PSSwagger.LTF.Lib.UnitTests.LiveTestServerTests.MissingInputPipe" storage="e:\git\forks\psswagger\psswagger.livetestframework\test\psswagger.ltf.lib.unittests\vs-csproj\bin\debug\psswagger.ltf.lib.unittests.dll" id="5dd03904-1fdd-4d69-bdde-4a5ce907ce35">
      <Execution id="df34ff63-1f0b-49c7-bcdf-bbf7715ccb37" />
      <TestMethod codeBase="E:\git\forks\PSSwagger\PSSwagger.LiveTestFramework\test\PSSwagger.LTF.Lib.UnitTests\vs-csproj\bin\Debug\PSSwagger.LTF.Lib.UnitTests.dll" executorUriOfAdapter="executor://xunit/VsTestRunner2" className="PSSwagger.LTF.Lib.UnitTests.LiveTestServerTests" name="PSSwagger.LTF.Lib.UnitTests.LiveTestServerTests.MissingInputPipe" />
    </UnitTest>
    <UnitTest name="PSSwagger.LTF.Lib.UnitTests.LiveTestServerTests.MissingOutputPipe" storage="e:\git\forks\psswagger\psswagger.livetestframework\test\psswagger.ltf.lib.unittests\vs-csproj\bin\debug\psswagger.ltf.lib.unittests.dll" id="05443379-4075-43d8-8f4d-464251986123">
      <Execution id="6a72fbd8-613e-4282-b695-5285194e7f52" />
      <TestMethod codeBase="E:\git\forks\PSSwagger\PSSwagger.LiveTestFramework\test\PSSwagger.LTF.Lib.UnitTests\vs-csproj\bin\Debug\PSSwagger.LTF.Lib.UnitTests.dll" executorUriOfAdapter="executor://xunit/VsTestRunner2" className="PSSwagger.LTF.Lib.UnitTests.LiveTestServerTests" name="PSSwagger.LTF.Lib.UnitTests.LiveTestServerTests.MissingOutputPipe" />
    </UnitTest>
    <UnitTest name="PSSwagger.LTF.Lib.UnitTests.LiveTestServerTests.MissingRunspaceManager" storage="e:\git\forks\psswagger\psswagger.livetestframework\test\psswagger.ltf.lib.unittests\vs-csproj\bin\debug\psswagger.ltf.lib.unittests.dll" id="557d025a-02bf-4a35-8e82-197c8d48f2d7">
      <Execution id="e4fd5296-c795-4c4b-ab27-e63c7f7517a1" />
      <TestMethod codeBase="E:\git\forks\PSSwagger\PSSwagger.LiveTestFramework\test\PSSwagger.LTF.Lib.UnitTests\vs-csproj\bin\Debug\PSSwagger.LTF.Lib.UnitTests.dll" executorUriOfAdapter="executor://xunit/VsTestRunner2" className="PSSwagger.LTF.Lib.UnitTests.LiveTestServerTests" name="PSSwagger.LTF.Lib.UnitTests.LiveTestServerTests.MissingRunspaceManager" />
    </UnitTest>
    <UnitTest name="PSSwagger.LTF.Lib.UnitTests.LiveTestServerTests.MissingModulePath" storage="e:\git\forks\psswagger\psswagger.livetestframework\test\psswagger.ltf.lib.unittests\vs-csproj\bin\debug\psswagger.ltf.lib.unittests.dll" id="6c75aa6d-3ca3-4a19-ae1c-803b2fe551a2">
      <Execution id="4353a5f0-34ae-4705-b3f6-c4e863e6a0da" />
      <TestMethod codeBase="E:\git\forks\PSSwagger\PSSwagger.LiveTestFramework\test\PSSwagger.LTF.Lib.UnitTests\vs-csproj\bin\Debug\PSSwagger.LTF.Lib.UnitTests.dll" executorUriOfAdapter="executor://xunit/VsTestRunner2" className="PSSwagger.LTF.Lib.UnitTests.LiveTestServerTests" name="PSSwagger.LTF.Lib.UnitTests.LiveTestServerTests.MissingModulePath" />
    </UnitTest>
    <UnitTest name="PSSwagger.LTF.Lib.UnitTests.GeneratedModuleTests.BasicLoadTest" storage="e:\git\forks\psswagger\psswagger.livetestframework\test\psswagger.ltf.lib.unittests\vs-csproj\bin\debug\psswagger.ltf.lib.unittests.dll" id="62e5c5ed-73f8-41bc-95c7-154bcb5942b9">
      <Execution id="72d090bb-e6b0-411c-a180-fcd78fb1db82" />
      <TestMethod codeBase="E:\git\forks\PSSwagger\PSSwagger.LiveTestFramework\test\PSSwagger.LTF.Lib.UnitTests\vs-csproj\bin\Debug\PSSwagger.LTF.Lib.UnitTests.dll" executorUriOfAdapter="executor://xunit/VsTestRunner2" className="PSSwagger.LTF.Lib.UnitTests.GeneratedModuleTests" name="PSSwagger.LTF.Lib.UnitTests.GeneratedModuleTests.BasicLoadTest" />
    </UnitTest>
    <UnitTest name="PSSwagger.LTF.Lib.UnitTests.GeneratedModuleTests.ForceIsPropogatedToAllModules" storage="e:\git\forks\psswagger\psswagger.livetestframework\test\psswagger.ltf.lib.unittests\vs-csproj\bin\debug\psswagger.ltf.lib.unittests.dll" id="c5c91bf2-0238-4e6a-9876-dbd01d103b8c">
      <Execution id="a8c26d13-9a8b-49d8-8c66-fd828410b0b2" />
      <TestMethod codeBase="E:\git\forks\PSSwagger\PSSwagger.LiveTestFramework\test\PSSwagger.LTF.Lib.UnitTests\vs-csproj\bin\Debug\PSSwagger.LTF.Lib.UnitTests.dll" executorUriOfAdapter="executor://xunit/VsTestRunner2" className="PSSwagger.LTF.Lib.UnitTests.GeneratedModuleTests" name="PSSwagger.LTF.Lib.UnitTests.GeneratedModuleTests.ForceIsPropogatedToAllModules" />
    </UnitTest>
    <UnitTest name="PSSwagger.LTF.Lib.UnitTests.GeneratedModuleTests.LoadWithRequiredModules" storage="e:\git\forks\psswagger\psswagger.livetestframework\test\psswagger.ltf.lib.unittests\vs-csproj\bin\debug\psswagger.ltf.lib.unittests.dll" id="09da0d3d-464a-44f0-9481-12dd324ca08b">
      <Execution id="e221b009-9c81-4147-aff0-2dc7fe69ad99" />
      <TestMethod codeBase="E:\git\forks\PSSwagger\PSSwagger.LiveTestFramework\test\PSSwagger.LTF.Lib.UnitTests\vs-csproj\bin\Debug\PSSwagger.LTF.Lib.UnitTests.dll" executorUriOfAdapter="executor://xunit/VsTestRunner2" className="PSSwagger.LTF.Lib.UnitTests.GeneratedModuleTests" name="PSSwagger.LTF.Lib.UnitTests.GeneratedModuleTests.LoadWithRequiredModules" />
    </UnitTest>
    <UnitTest name="PSSwagger.LTF.Lib.UnitTests.GeneratedModuleTests.LoadWithName" storage="e:\git\forks\psswagger\psswagger.livetestframework\test\psswagger.ltf.lib.unittests\vs-csproj\bin\debug\psswagger.ltf.lib.unittests.dll" id="db097a17-b691-4df7-82f3-4b3972ad5288">
      <Execution id="38d75c6b-522d-428c-9bb3-5bcc3f1caa18" />
      <TestMethod codeBase="E:\git\forks\PSSwagger\PSSwagger.LiveTestFramework\test\PSSwagger.LTF.Lib.UnitTests\vs-csproj\bin\Debug\PSSwagger.LTF.Lib.UnitTests.dll" executorUriOfAdapter="executor://xunit/VsTestRunner2" className="PSSwagger.LTF.Lib.UnitTests.GeneratedModuleTests" name="PSSwagger.LTF.Lib.UnitTests.GeneratedModuleTests.LoadWithName" />
    </UnitTest>
    <UnitTest name="PSSwagger.LTF.Lib.UnitTests.GeneratedModuleTests.ForceLoadTest" storage="e:\git\forks\psswagger\psswagger.livetestframework\test\psswagger.ltf.lib.unittests\vs-csproj\bin\debug\psswagger.ltf.lib.unittests.dll" id="43079fbf-d516-42d2-ac73-ec5ede9d5c69">
      <Execution id="b44cebb5-2325-44ce-8b1f-db9f79035097" />
      <TestMethod codeBase="E:\git\forks\PSSwagger\PSSwagger.LiveTestFramework\test\PSSwagger.LTF.Lib.UnitTests\vs-csproj\bin\Debug\PSSwagger.LTF.Lib.UnitTests.dll" executorUriOfAdapter="executor://xunit/VsTestRunner2" className="PSSwagger.LTF.Lib.UnitTests.GeneratedModuleTests" name="PSSwagger.LTF.Lib.UnitTests.GeneratedModuleTests.ForceLoadTest" />
    </UnitTest>
    <UnitTest name="PSSwagger.LTF.Lib.UnitTests.LiveTestServerTests.BasicExecutionFlow" storage="e:\git\forks\psswagger\psswagger.livetestframework\test\psswagger.ltf.lib.unittests\vs-csproj\bin\debug\psswagger.ltf.lib.unittests.dll" id="7535bda0-8758-4640-b232-67d938f937cd">
      <Execution id="86a4a734-d60f-4b8b-9ba2-f8a1d6f67262" />
      <TestMethod codeBase="E:\git\forks\PSSwagger\PSSwagger.LiveTestFramework\test\PSSwagger.LTF.Lib.UnitTests\vs-csproj\bin\Debug\PSSwagger.LTF.Lib.UnitTests.dll" executorUriOfAdapter="executor://xunit/VsTestRunner2" className="PSSwagger.LTF.Lib.UnitTests.LiveTestServerTests" name="PSSwagger.LTF.Lib.UnitTests.LiveTestServerTests.BasicExecutionFlow" />
    </UnitTest>
    <UnitTest name="PSSwagger.LTF.Lib.UnitTests.JsonBlockPipeTests.ReadSimpleObject" storage="e:\git\forks\psswagger\psswagger.livetestframework\test\psswagger.ltf.lib.unittests\vs-csproj\bin\debug\psswagger.ltf.lib.unittests.dll" id="ae52e436-32e1-4a0c-aa5c-0d0bb099d767">
      <Execution id="2e99128a-de15-4541-983e-541f54337335" />
      <TestMethod codeBase="E:\git\forks\PSSwagger\PSSwagger.LiveTestFramework\test\PSSwagger.LTF.Lib.UnitTests\vs-csproj\bin\Debug\PSSwagger.LTF.Lib.UnitTests.dll" executorUriOfAdapter="executor://xunit/VsTestRunner2" className="PSSwagger.LTF.Lib.UnitTests.JsonBlockPipeTests" name="PSSwagger.LTF.Lib.UnitTests.JsonBlockPipeTests.ReadSimpleObject" />
    </UnitTest>
    <UnitTest name="PSSwagger.LTF.Lib.UnitTests.JsonBlockPipeTests.ReadParentChildRelationship" storage="e:\git\forks\psswagger\psswagger.livetestframework\test\psswagger.ltf.lib.unittests\vs-csproj\bin\debug\psswagger.ltf.lib.unittests.dll" id="17881f76-1ef8-4e06-b63f-ce8cc30f8962">
      <Execution id="67cec647-5c93-4f7d-9f0f-652c8fdcf122" />
      <TestMethod codeBase="E:\git\forks\PSSwagger\PSSwagger.LiveTestFramework\test\PSSwagger.LTF.Lib.UnitTests\vs-csproj\bin\Debug\PSSwagger.LTF.Lib.UnitTests.dll" executorUriOfAdapter="executor://xunit/VsTestRunner2" className="PSSwagger.LTF.Lib.UnitTests.JsonBlockPipeTests" name="PSSwagger.LTF.Lib.UnitTests.JsonBlockPipeTests.ReadParentChildRelationship" />
    </UnitTest>
    <UnitTest name="PSSwagger.LTF.Lib.UnitTests.JsonBlockPipeTests.IgnoreCharsBeforeAndAfter" storage="e:\git\forks\psswagger\psswagger.livetestframework\test\psswagger.ltf.lib.unittests\vs-csproj\bin\debug\psswagger.ltf.lib.unittests.dll" id="b18b05e0-9316-4a20-828d-2b25c9e4ba21">
      <Execution id="ece82466-1c41-400d-a67c-d6891aa55079" />
      <TestMethod codeBase="E:\git\forks\PSSwagger\PSSwagger.LiveTestFramework\test\PSSwagger.LTF.Lib.UnitTests\vs-csproj\bin\Debug\PSSwagger.LTF.Lib.UnitTests.dll" executorUriOfAdapter="executor://xunit/VsTestRunner2" className="PSSwagger.LTF.Lib.UnitTests.JsonBlockPipeTests" name="PSSwagger.LTF.Lib.UnitTests.JsonBlockPipeTests.IgnoreCharsBeforeAndAfter" />
    </UnitTest>
    <UnitTest name="PSSwagger.LTF.Lib.UnitTests.JsonBlockPipeTests.ReadSubclassRelationship" storage="e:\git\forks\psswagger\psswagger.livetestframework\test\psswagger.ltf.lib.unittests\vs-csproj\bin\debug\psswagger.ltf.lib.unittests.dll" id="ddca78ce-5232-4dd9-a67b-c7439ec1eb49">
      <Execution id="fa4b4ef6-dd5a-43e4-9df2-924b4f283fe1" />
      <TestMethod codeBase="E:\git\forks\PSSwagger\PSSwagger.LiveTestFramework\test\PSSwagger.LTF.Lib.UnitTests\vs-csproj\bin\Debug\PSSwagger.LTF.Lib.UnitTests.dll" executorUriOfAdapter="executor://xunit/VsTestRunner2" className="PSSwagger.LTF.Lib.UnitTests.JsonBlockPipeTests" name="PSSwagger.LTF.Lib.UnitTests.JsonBlockPipeTests.ReadSubclassRelationship" />
    </UnitTest>
  </TestDefinitions>
  <TestEntries>
    <TestEntry testId="5dd03904-1fdd-4d69-bdde-4a5ce907ce35" executionId="df34ff63-1f0b-49c7-bcdf-bbf7715ccb37" testListId="8c84fa94-04c1-424b-9868-57a2d4851a1d" />
    <TestEntry testId="05443379-4075-43d8-8f4d-464251986123" executionId="6a72fbd8-613e-4282-b695-5285194e7f52" testListId="8c84fa94-04c1-424b-9868-57a2d4851a1d" />
    <TestEntry testId="557d025a-02bf-4a35-8e82-197c8d48f2d7" executionId="e4fd5296-c795-4c4b-ab27-e63c7f7517a1" testListId="8c84fa94-04c1-424b-9868-57a2d4851a1d" />
    <TestEntry testId="6c75aa6d-3ca3-4a19-ae1c-803b2fe551a2" executionId="4353a5f0-34ae-4705-b3f6-c4e863e6a0da" testListId="8c84fa94-04c1-424b-9868-57a2d4851a1d" />
    <TestEntry testId="62e5c5ed-73f8-41bc-95c7-154bcb5942b9" executionId="72d090bb-e6b0-411c-a180-fcd78fb1db82" testListId="8c84fa94-04c1-424b-9868-57a2d4851a1d" />
    <TestEntry testId="c5c91bf2-0238-4e6a-9876-dbd01d103b8c" executionId="a8c26d13-9a8b-49d8-8c66-fd828410b0b2" testListId="8c84fa94-04c1-424b-9868-57a2d4851a1d" />
    <TestEntry testId="09da0d3d-464a-44f0-9481-12dd324ca08b" executionId="e221b009-9c81-4147-aff0-2dc7fe69ad99" testListId="8c84fa94-04c1-424b-9868-57a2d4851a1d" />
    <TestEntry testId="db097a17-b691-4df7-82f3-4b3972ad5288" executionId="38d75c6b-522d-428c-9bb3-5bcc3f1caa18" testListId="8c84fa94-04c1-424b-9868-57a2d4851a1d" />
    <TestEntry testId="43079fbf-d516-42d2-ac73-ec5ede9d5c69" executionId="b44cebb5-2325-44ce-8b1f-db9f79035097" testListId="8c84fa94-04c1-424b-9868-57a2d4851a1d" />
    <TestEntry testId="7535bda0-8758-4640-b232-67d938f937cd" executionId="86a4a734-d60f-4b8b-9ba2-f8a1d6f67262" testListId="8c84fa94-04c1-424b-9868-57a2d4851a1d" />
    <TestEntry testId="ae52e436-32e1-4a0c-aa5c-0d0bb099d767" executionId="2e99128a-de15-4541-983e-541f54337335" testListId="8c84fa94-04c1-424b-9868-57a2d4851a1d" />
    <TestEntry testId="17881f76-1ef8-4e06-b63f-ce8cc30f8962" executionId="67cec647-5c93-4f7d-9f0f-652c8fdcf122" testListId="8c84fa94-04c1-424b-9868-57a2d4851a1d" />
    <TestEntry testId="b18b05e0-9316-4a20-828d-2b25c9e4ba21" executionId="ece82466-1c41-400d-a67c-d6891aa55079" testListId="8c84fa94-04c1-424b-9868-57a2d4851a1d" />
    <TestEntry testId="ddca78ce-5232-4dd9-a67b-c7439ec1eb49" executionId="fa4b4ef6-dd5a-43e4-9df2-924b4f283fe1" testListId="8c84fa94-04c1-424b-9868-57a2d4851a1d" />
  </TestEntries>
  <TestLists>
    <TestList name="Results Not in a List" id="8c84fa94-04c1-424b-9868-57a2d4851a1d" />
    <TestList name="All Loaded Results" id="19431567-8539-422a-85d7-44ee4e166bda" />
  </TestLists>
  <ResultSummary outcome="Completed">
    <Counters total="14" executed="14" passed="14" failed="0" error="0" timeout="0" aborted="0" inconclusive="0" passedButRunAborted="0" notRunnable="0" notExecuted="0" disconnected="0" warning="0" completed="0" inProgress="0" pending="0" />
    <Output>
      <StdOut>[xUnit.net 00:00:00.7452766]   Discovering: PSSwagger.LTF.Lib.UnitTests[xUnit.net 00:00:02.2733461]   Discovered:  PSSwagger.LTF.Lib.UnitTests[xUnit.net 00:00:02.3108919]   Starting:    PSSwagger.LTF.Lib.UnitTests[xUnit.net 00:00:02.8855843]   Finished:    PSSwagger.LTF.Lib.UnitTests</StdOut>
    </Output>
  </ResultSummary>
</TestRun>